生成启动时间为 2015/8/18 16:22:39。
     1>项目“D:\mycode\vs\nvli\Cocos\CocosProjects\Stock\proj.win32\Stock.vcxproj”在节点 2 上(Build 个目标)。
     1>ClCompile:
         D:\sw\vs\VC\bin\CL.exe /c /I"D:\sw\coco\cocosframework\frameworks\cocos2d-x-3.5\cocos\audio\include" /I"D:\sw\coco\cocosframework\frameworks\cocos2d-x-3.5\external" /I"D:\sw\coco\cocosframework\frameworks\cocos2d-x-3.5\external\chipmunk\include\chipmunk" /I"D:\sw\coco\cocosframework\frameworks\cocos2d-x-3.5\extensions" /I..\Classes /I.. /I"D:\sw\coco\cocosframework\frameworks\cocos2d-x-3.5\cocos\2d\..\..\cocos\editor-support" /I"D:\sw\coco\cocosframework\frameworks\cocos2d-x-3.5\cocos\2d\..\..\cocos" /I"D:\sw\coco\cocosframework\frameworks\cocos2d-x-3.5\cocos\2d\..\..\cocos\platform" /I"D:\sw\coco\cocosframework\frameworks\cocos2d-x-3.5\cocos\2d\..\..\cocos\platform\desktop" /I"D:\sw\coco\cocosframework\frameworks\cocos2d-x-3.5\cocos\2d\..\..\external\glfw3\include\win32" /I"D:\sw\coco\cocosframework\frameworks\cocos2d-x-3.5\cocos\2d\..\..\external\win32-specific\gles\include\OGLES" /ZI /nologo /W3 /WX- /MP /Od /Oy- /D WIN32 /D _WINDOWS /D _USE_MATH_DEFINES /D GL_GLEXT_PROTOTYPES /D CC_ENABLE_CHIPMUNK_INTEGRATION=1 /D COCOS2D_DEBUG=1 /D _CRT_SECURE_NO_WARNINGS /D _SCL_SECURE_NO_WARNINGS /D _VARIADIC_MAX=10 /D _UNICODE /D UNICODE /Gm- /EHsc /RTC1 /MD /GS /fp:precise /Zc:wchar_t /Zc:forScope /Fo"Debug.win32\\" /Fd"Debug.win32\vc120.pdb" /Gd /TP /wd4267 /wd4251 /wd4244 /analyze- /errorReport:prompt ..\Classes\AppDelegate.cpp
         AppDelegate.cpp
     1>d:\sw\coco\cocosframework\frameworks\cocos2d-x-3.5\cocos\physics\ccphysicsjoint.h : warning C4819: 该文件包含不能在当前代码页(936)中表示的字符。请将该文件保存为 Unicode 格式以防止数据丢失
       PreLinkEvent:
         if not exist "D:\mycode\vs\nvli\Cocos\CocosProjects\Stock\proj.win32\Debug.win32\" mkdir "D:\mycode\vs\nvli\Cocos\CocosProjects\Stock\proj.win32\Debug.win32\"
         xcopy /Y /Q "D:\sw\coco\cocosframework\frameworks\cocos2d-x-3.5\prebuilt\win32\*.*" "D:\mycode\vs\nvli\Cocos\CocosProjects\Stock\proj.win32\Debug.win32\"
         xcopy "D:\mycode\vs\nvli\Cocos\CocosProjects\Stock\proj.win32\..\Resources" "D:\mycode\vs\nvli\Cocos\CocosProjects\Stock\proj.win32\Debug.win32\" /D /E /I /F /Y
         
         :VCEnd
         复制了 51 个文件
         复制了 0 个文件
       Link:
         D:\sw\vs\VC\bin\link.exe /ERRORREPORT:PROMPT /OUT:"D:\mycode\vs\nvli\Cocos\CocosProjects\Stock\proj.win32\Debug.win32\Stock.exe" /INCREMENTAL /NOLOGO /LIBPATH:D:\mycode\vs\nvli\Cocos\CocosProjects\Stock\proj.win32\Debug.win32\ /LIBPATH:D:\mycode\vs\nvli\Cocos\CocosProjects\Stock\proj.win32\Debug.win32\ opengl32.lib glew32.lib libzlib.lib libpng.lib libjpeg.lib libtiff.lib libwebp.lib libiconv.lib glfw3.lib freetype250.lib winmm.lib ws2_32.lib libchipmunk.lib kernel32.lib user32.lib gdi32.lib winspool.lib comdlg32.lib advapi32.lib shell32.lib ole32.lib oleaut32.lib uuid.lib odbc32.lib odbccp32.lib /MANIFEST /MANIFESTUAC:"level='asInvoker' uiAccess='false'" /manifest:embed /DEBUG /PDB:"D:\mycode\vs\nvli\Cocos\CocosProjects\Stock\proj.win32\Debug.win32\Stock.pdb" /SUBSYSTEM:WINDOWS /TLBID:1 /DYNAMICBASE /NXCOMPAT /IMPLIB:"D:\mycode\vs\nvli\Cocos\CocosProjects\Stock\proj.win32\Debug.win32\Stock.lib" /MACHINE:X86 /SAFESEH Debug.win32\game.res
         Debug.win32\AppDelegate.obj
         Debug.win32\HelloWorldScene.obj
         Debug.win32\main.obj
         Stock.vcxproj -> D:\mycode\vs\nvli\Cocos\CocosProjects\Stock\proj.win32\Debug.win32\Stock.exe
     1>已完成生成项目“D:\mycode\vs\nvli\Cocos\CocosProjects\Stock\proj.win32\Stock.vcxproj”(Build 个目标)的操作。

生成成功。

已用时间 00:00:07.30
